[debug] [2018-02-21T00:07:00.294Z] ----------------------------------------------------------------------
[debug] [2018-02-21T00:07:00.297Z] Command:       /home/mark/nodejs/bin/node /home/mark/nodejs/bin/firebase serve
[debug] [2018-02-21T00:07:00.297Z] CLI Version:   3.17.4
[debug] [2018-02-21T00:07:00.297Z] Platform:      linux
[debug] [2018-02-21T00:07:00.297Z] Node Version:  v8.9.4
[debug] [2018-02-21T00:07:00.297Z] Time:          Tue Feb 20 2018 19:07:00 GMT-0500 (EST)
[debug] [2018-02-21T00:07:00.298Z] ----------------------------------------------------------------------
[debug] 
[debug] [2018-02-21T00:07:00.308Z] > command requires scopes: ["email","openid","https://www.googleapis.com/auth/cloudplatformprojects.readonly","https://www.googleapis.com/auth/firebase","https://www.googleapis.com/auth/cloud-platform"]
[debug] [2018-02-21T00:07:00.308Z] > authorizing via signed-in user
[debug] [2018-02-21T00:07:00.310Z] >>> HTTP REQUEST GET https://admin.firebase.com/v1/projects/venture-hacks-fintech  
  
 Tue Feb 20 2018 19:07:00 GMT-0500 (EST)
[debug] [2018-02-21T00:07:00.923Z] <<< HTTP RESPONSE 200
[debug] [2018-02-21T00:07:00.924Z] >>> HTTP REQUEST GET https://admin.firebase.com/v1/database/venture-hacks-fintech/tokens  
  
 Tue Feb 20 2018 19:07:00 GMT-0500 (EST)
[debug] [2018-02-21T00:07:01.271Z] <<< HTTP RESPONSE 200
[info] 
[info] === Serving from '/home/mark/Desktop/venture-hacks/fintech'...
[info] 
[debug] [2018-02-21T00:07:01.282Z] >>> HTTP REQUEST GET https://cloudresourcemanager.googleapis.com/v1/projects/venture-hacks-fintech  
  
 Tue Feb 20 2018 19:07:01 GMT-0500 (EST)
[debug] [2018-02-21T00:07:02.143Z] <<< HTTP RESPONSE 200
[debug] [2018-02-21T00:07:02.144Z] >>> HTTP REQUEST GET https://mobilesdk-pa.googleapis.com/v1/projects/816849602485/clients/_:getWebAppConfig  
  
 Tue Feb 20 2018 19:07:02 GMT-0500 (EST)
[debug] [2018-02-21T00:07:02.655Z] <<< HTTP RESPONSE 200
[info] i  hosting: Serving hosting files from: app
[info] ✔  hosting: Local server: http://localhost:5000

